<?xml version="1.0" encoding="UTF-8"?>
<!-- Generated by org.testng.reporters.JUnitReportReporter -->
<testsuite skipped="2" hostname="EPUALVIW0637" name="epam.cdp.tests.AuthorizationTest" tests="3" failures="0" timestamp="23 січ. 2019 17:06:28 GMT" time="22.214" errors="0">
  <testcase name="userShouldBeAbleToLogin" time="22.214" classname="epam.cdp.tests.AuthorizationTest"/>
  <testcase name="userShouldBeAbleToLogout" classname="epam.cdp.tests.AuthorizationTest">
    <skipped/>
  </testcase> <!-- userShouldBeAbleToLogout -->
  <testcase name="testShouldBeFailed" classname="epam.cdp.tests.AuthorizationTest">
    <skipped/>
  </testcase> <!-- testShouldBeFailed -->
</testsuite> <!-- epam.cdp.tests.AuthorizationTest -->
